3x3, 1
3x3, 2
3x3, 3
3x3, 4
3x3, 5
3x3, 6
3x3, 7
3x3, 8
3x3, 9
3x3, 10
3x3, 11
3x3, 12
3x3, 13
3x3, 14
3x3, 15
3x3, 16
3x3, 17
3x3, 18
3x3, 19
3x3, 20
3x3, 21
3x3, 22
3x3, 23
3x3, 24
3x3, 25
3x3, 26
3x3, 27
3x3, 28
3x3, 29
3x3, 30
3x3, 31
3x3, 32
3x3, 33
3x3, 34
3x3, 35
3x3, 36
3x3, 37
3x3, 38
3x3, 39
3x3, 40
3x3, 41
3x3, 42
3x3, 43
3x3, 44
3x3, 45
3x3, 46
3x3, 47
3x3, 48
3x3, 49
3x3, 50
3x3, 51
3x3, 52
3x3, 53
3x3, 54
3x3, 55
3x3, 56
3x3, 57
3x3, 58
3x3, 59
3x3, 60
3x3, 61
3x3, 62
3x3, 63
3x3, 64
3x3, 65
3x3, 66
3x3, 67
3x3, 68
3x3, 69
3x3, 70
5x5, 1
5x5, 2
5x5, 3
5x5, 4
5x5, 5
5x5, 6
5x5, 7
5x5, 8
5x5, 9
5x5, 10
5x5, 11
5x5, 12
5x5, 13
5x5, 14
5x5, 15
5x5, 16
5x5, 17
5x5, 18
5x5, 19
5x5, 20
5x5, 21
5x5, 22
5x5, 23
5x5, 24
5x5, 25
5x5, 26
5x5, 27
5x5, 28
5x5, 29
5x5, 30
5x5, 31
5x5, 32
5x5, 33
5x5, 34
5x5, 35
5x5, 36
5x5, 37
5x5, 38
5x5, 39
5x5, 40
5x5, 41
5x5, 42
5x5, 43
5x5, 44
5x5, 45
5x5, 46
5x5, 47
5x5, 48
5x5, 49
5x5, 50
5x5, 51
5x5, 52
5x5, 53
5x5, 54
5x5, 55
5x5, 56
5x5, 57
5x5, 58
5x5, 59
5x5, 60
5x5, 61
5x5, 62
5x5, 63
5x5, 64
5x5, 65
5x5, 66
5x5, 67
5x5, 68
5x5, 69
5x5, 70
7x7, 1
7x7, 2
7x7, 3
7x7, 4
7x7, 5
7x7, 6
7x7, 7
7x7, 8
7x7, 9
7x7, 10
7x7, 11
7x7, 12
7x7, 13
7x7, 14
7x7, 15
7x7, 16
7x7, 17
7x7, 18
7x7, 19
7x7, 20
7x7, 21
7x7, 22
7x7, 23
7x7, 24
7x7, 25
7x7, 26
7x7, 27
7x7, 28
7x7, 29
7x7, 30
7x7, 31
7x7, 32
7x7, 33
7x7, 34
7x7, 35
7x7, 36
7x7, 37
7x7, 38
7x7, 39
7x7, 40
7x7, 41
7x7, 42
7x7, 43
7x7, 44
7x7, 45
7x7, 46
7x7, 47
7x7, 48
7x7, 49
7x7, 50
7x7, 51
7x7, 52
7x7, 53
7x7, 54
7x7, 55
7x7, 56
7x7, 57
7x7, 58
7x7, 59
7x7, 60
7x7, 61
7x7, 62
7x7, 63
7x7, 64
7x7, 65
7x7, 66
7x7, 67
7x7, 68
7x7, 69
7x7, 70
9x9, 1
9x9, 2
9x9, 3
9x9, 4
9x9, 5
9x9, 6
9x9, 7
9x9, 8
9x9, 9
9x9, 10
9x9, 11
9x9, 12
9x9, 13
9x9, 14
9x9, 15
9x9, 16
9x9, 17
9x9, 18
9x9, 19
9x9, 20
9x9, 21
9x9, 22
9x9, 23
9x9, 24
9x9, 25
9x9, 26
9x9, 27
9x9, 28
9x9, 29
9x9, 30
9x9, 31
9x9, 32
9x9, 33
9x9, 34
9x9, 35
9x9, 36
9x9, 37
9x9, 38
9x9, 39
9x9, 40
9x9, 41
9x9, 42
9x9, 43
9x9, 44
9x9, 45
9x9, 46
9x9, 47
9x9, 48
9x9, 49
9x9, 50
9x9, 51
9x9, 52
9x9, 53
9x9, 54
9x9, 55
9x9, 56
9x9, 57
9x9, 58
9x9, 59
9x9, 60
9x9, 61
9x9, 62
9x9, 63
9x9, 64
9x9, 65
9x9, 66
9x9, 67
9x9, 68
9x9, 69
9x9, 70
11x11, 1
11x11, 2
11x11, 3
11x11, 4
11x11, 5
11x11, 6
11x11, 7
11x11, 8
11x11, 9
11x11, 10
11x11, 11
11x11, 12
11x11, 13
11x11, 14
11x11, 15
11x11, 16
11x11, 17
11x11, 18
11x11, 19
11x11, 20
11x11, 21
11x11, 22
11x11, 23
11x11, 24
11x11, 25
11x11, 26
11x11, 27
11x11, 28
11x11, 29
11x11, 30
11x11, 31
11x11, 32
11x11, 33
11x11, 34
11x11, 35
11x11, 36
11x11, 37
11x11, 38
11x11, 39
11x11, 40
11x11, 41
11x11, 42
11x11, 43
11x11, 44
11x11, 45
11x11, 46
11x11, 47
11x11, 48
11x11, 49
11x11, 50
11x11, 51
11x11, 52
11x11, 53
11x11, 54
11x11, 55
11x11, 56
11x11, 57
11x11, 58
11x11, 59
11x11, 60
11x11, 61
11x11, 62
11x11, 63
11x11, 64
11x11, 65
11x11, 66
11x11, 67
11x11, 68
11x11, 69
11x11, 70
13x13, 1
13x13, 2
13x13, 3
13x13, 4
13x13, 5
13x13, 6
13x13, 7
13x13, 8
13x13, 9
13x13, 10
13x13, 11
13x13, 12
13x13, 13
13x13, 14
13x13, 15
13x13, 16
13x13, 17
13x13, 18
13x13, 19
13x13, 20
13x13, 21
13x13, 22
13x13, 23
13x13, 24
13x13, 25
13x13, 26
13x13, 27
13x13, 28
13x13, 29
13x13, 30
13x13, 31
13x13, 32
13x13, 33
13x13, 34
13x13, 35
13x13, 36
13x13, 37
13x13, 38
13x13, 39
13x13, 40
13x13, 41
13x13, 42
13x13, 43
13x13, 44
13x13, 45
13x13, 46
13x13, 47
13x13, 48
13x13, 49
13x13, 50
13x13, 51
13x13, 52
13x13, 53
13x13, 54
13x13, 55
13x13, 56
13x13, 57
13x13, 58
13x13, 59
13x13, 60
13x13, 61
13x13, 62
13x13, 63
13x13, 64
13x13, 65
13x13, 66
13x13, 67
13x13, 68
13x13, 69
13x13, 70
15x15, 1
15x15, 2
15x15, 3
15x15, 4
15x15, 5
15x15, 6
15x15, 7
15x15, 8
15x15, 9
15x15, 10
15x15, 11
15x15, 12
15x15, 13
15x15, 14
15x15, 15
15x15, 16
15x15, 17
15x15, 18
15x15, 19
15x15, 20
15x15, 21
15x15, 22
15x15, 23
15x15, 24
15x15, 25
15x15, 26
15x15, 27
15x15, 28
15x15, 29
15x15, 30
15x15, 31
15x15, 32
15x15, 33
15x15, 34
15x15, 35
15x15, 36
15x15, 37
15x15, 38
15x15, 39
15x15, 40
15x15, 41
15x15, 42
15x15, 43
15x15, 44
15x15, 45
15x15, 46
15x15, 47
15x15, 48
15x15, 49
15x15, 50
15x15, 51
15x15, 52
15x15, 53
15x15, 54
15x15, 55
15x15, 56
15x15, 57
15x15, 58
15x15, 59
15x15, 60
15x15, 61
15x15, 62
15x15, 63
15x15, 64
15x15, 65
15x15, 66
15x15, 67
15x15, 68
15x15, 69
15x15, 70
17x17, 1
17x17, 2
17x17, 3
17x17, 4
17x17, 5
17x17, 6
17x17, 7
17x17, 8
17x17, 9
17x17, 10
17x17, 11
17x17, 12
17x17, 13
17x17, 14
17x17, 15
17x17, 16
17x17, 17
17x17, 18
17x17, 19
17x17, 20
17x17, 21
17x17, 22
17x17, 23
17x17, 24
17x17, 25
17x17, 26
17x17, 27
17x17, 28
17x17, 29
17x17, 30
17x17, 31
17x17, 32
17x17, 33
17x17, 34
17x17, 35
17x17, 36
17x17, 37
17x17, 38
17x17, 39
17x17, 40
17x17, 41
17x17, 42
17x17, 43
17x17, 44
17x17, 45
17x17, 46
17x17, 47
17x17, 48
17x17, 49
17x17, 50
17x17, 51
17x17, 52
17x17, 53
17x17, 54
17x17, 55
17x17, 56
17x17, 57
17x17, 58
17x17, 59
17x17, 60
17x17, 61
17x17, 62
17x17, 63
17x17, 64
17x17, 65
17x17, 66
17x17, 67
17x17, 68
17x17, 69
17x17, 70
19x19, 1
19x19, 2
19x19, 3
19x19, 4
19x19, 5
19x19, 6
19x19, 7
19x19, 8
19x19, 9
19x19, 10
19x19, 11
19x19, 12
19x19, 13
19x19, 14
19x19, 15
19x19, 16
19x19, 17
19x19, 18
19x19, 19
19x19, 20
19x19, 21
19x19, 22
19x19, 23
19x19, 24
19x19, 25
19x19, 26
19x19, 27
19x19, 28
19x19, 29
19x19, 30
19x19, 31
19x19, 32
19x19, 33
19x19, 34
19x19, 35
19x19, 36
19x19, 37
19x19, 38
19x19, 39
19x19, 40
19x19, 41
19x19, 42
19x19, 43
19x19, 44
19x19, 45
19x19, 46
19x19, 47
19x19, 48
19x19, 49
19x19, 50
19x19, 51
19x19, 52
19x19, 53
19x19, 54
19x19, 55
19x19, 56
19x19, 57
19x19, 58
19x19, 59
19x19, 60
19x19, 61
19x19, 62
19x19, 63
19x19, 64
19x19, 65
19x19, 66
19x19, 67
19x19, 68
19x19, 69
19x19, 70
21x21, 1
21x21, 2
21x21, 3
21x21, 4
21x21, 5
21x21, 6
21x21, 7
21x21, 8
21x21, 9
21x21, 10
21x21, 11
21x21, 12
21x21, 13
21x21, 14
21x21, 15
21x21, 16
21x21, 17
21x21, 18
21x21, 19
21x21, 20
21x21, 21
21x21, 22
21x21, 23
21x21, 24
21x21, 25
21x21, 26
21x21, 27
21x21, 28
21x21, 29
21x21, 30
21x21, 31
21x21, 32
21x21, 33
21x21, 34
21x21, 35
21x21, 36
21x21, 37
21x21, 38
21x21, 39
21x21, 40
21x21, 41
21x21, 42
21x21, 43
21x21, 44
21x21, 45
21x21, 46
21x21, 47
21x21, 48
21x21, 49
21x21, 50
21x21, 51
21x21, 52
21x21, 53
21x21, 54
21x21, 55
21x21, 56
21x21, 57
21x21, 58
21x21, 59
21x21, 60
21x21, 61
21x21, 62
21x21, 63
21x21, 64
21x21, 65
21x21, 66
21x21, 67
21x21, 68
21x21, 69
21x21, 70
23x23, 1
23x23, 2
23x23, 3
23x23, 4
23x23, 5
23x23, 6
23x23, 7
23x23, 8
23x23, 9
23x23, 10
23x23, 11
23x23, 12
23x23, 13
23x23, 14
23x23, 15
23x23, 16
23x23, 17
23x23, 18
23x23, 19
23x23, 20
23x23, 21
23x23, 22
23x23, 23
23x23, 24
23x23, 25
23x23, 26
23x23, 27
23x23, 28
23x23, 29
23x23, 30
23x23, 31
23x23, 32
23x23, 33
23x23, 34
23x23, 35
23x23, 36
23x23, 37
23x23, 38
23x23, 39
23x23, 40
23x23, 41
23x23, 42
23x23, 43
23x23, 44
23x23, 45
23x23, 46
23x23, 47
23x23, 48
23x23, 49
23x23, 50
23x23, 51
23x23, 52
23x23, 53
23x23, 54
23x23, 55
23x23, 56
23x23, 57
23x23, 58
23x23, 59
23x23, 60
23x23, 61
23x23, 62
23x23, 63
23x23, 64
23x23, 65
23x23, 66
23x23, 67
23x23, 68
23x23, 69
23x23, 70
25x25, 1
25x25, 2
25x25, 3
25x25, 4
25x25, 5
25x25, 6
25x25, 7
25x25, 8
25x25, 9
25x25, 10
25x25, 11
25x25, 12
25x25, 13
25x25, 14
25x25, 15
25x25, 16
25x25, 17
25x25, 18
25x25, 19
25x25, 20
25x25, 21
25x25, 22
25x25, 23
25x25, 24
25x25, 25
25x25, 26
25x25, 27
25x25, 28
25x25, 29
25x25, 30
25x25, 31
25x25, 32
25x25, 33
25x25, 34
25x25, 35
25x25, 36
25x25, 37
25x25, 38
25x25, 39
25x25, 40
25x25, 41
25x25, 42
25x25, 43
25x25, 44
25x25, 45
25x25, 46
25x25, 47
25x25, 48
25x25, 49
25x25, 50
25x25, 51
25x25, 52
25x25, 53
25x25, 54
25x25, 55
25x25, 56
25x25, 57
25x25, 58
25x25, 59
25x25, 60
25x25, 61
25x25, 62
25x25, 63
25x25, 64
25x25, 65
25x25, 66
25x25, 67
25x25, 68
25x25, 69
25x25, 70
27x27, 1
27x27, 2
27x27, 3
27x27, 4
27x27, 5
27x27, 6
27x27, 7
27x27, 8
27x27, 9
27x27, 10
27x27, 11
27x27, 12
27x27, 13
27x27, 14
27x27, 15
27x27, 16
27x27, 17
27x27, 18
27x27, 19
27x27, 20
27x27, 21
27x27, 22
27x27, 23
27x27, 24
27x27, 25
27x27, 26
27x27, 27
27x27, 28
27x27, 29
27x27, 30
27x27, 31
27x27, 32
27x27, 33
27x27, 34
27x27, 35
27x27, 36
27x27, 37
27x27, 38
27x27, 39
27x27, 40
27x27, 41
27x27, 42
27x27, 43
27x27, 44
27x27, 45
27x27, 46
27x27, 47
27x27, 48
27x27, 49
27x27, 50
27x27, 51
27x27, 52
27x27, 53
27x27, 54
27x27, 55
27x27, 56
27x27, 57
27x27, 58
27x27, 59
27x27, 60
27x27, 61
27x27, 62
27x27, 63
27x27, 64
27x27, 65
27x27, 66
27x27, 67
27x27, 68
27x27, 69
27x27, 70
29x29, 1
29x29, 2
29x29, 3
29x29, 4
29x29, 5
29x29, 6
29x29, 7
29x29, 8
29x29, 9
29x29, 10
29x29, 11
29x29, 12
29x29, 13
29x29, 14
29x29, 15
29x29, 16
29x29, 17
29x29, 18
29x29, 19
29x29, 20
29x29, 21
29x29, 22
29x29, 23
29x29, 24
29x29, 25
29x29, 26
29x29, 27
29x29, 28
29x29, 29
29x29, 30
29x29, 31
29x29, 32
29x29, 33
29x29, 34
29x29, 35
29x29, 36
29x29, 37
29x29, 38
29x29, 39
29x29, 40
29x29, 41
29x29, 42
29x29, 43
29x29, 44
29x29, 45
29x29, 46
29x29, 47
29x29, 48
29x29, 49
29x29, 50
29x29, 51
29x29, 52
29x29, 53
29x29, 54
29x29, 55
29x29, 56
29x29, 57
29x29, 58
29x29, 59
29x29, 60
29x29, 61
29x29, 62
29x29, 63
29x29, 64
29x29, 65
29x29, 66
29x29, 67
29x29, 68
29x29, 69
29x29, 70
31x31, 1
31x31, 2
31x31, 3
31x31, 4
31x31, 5
31x31, 6
31x31, 7
31x31, 8
31x31, 9
31x31, 10
31x31, 11
31x31, 12
31x31, 13
31x31, 14
31x31, 15
31x31, 16
31x31, 17
31x31, 18
31x31, 19
31x31, 20
31x31, 21
31x31, 22
31x31, 23
31x31, 24
31x31, 25
31x31, 26
31x31, 27
31x31, 28
31x31, 29
31x31, 30
31x31, 31
31x31, 32
31x31, 33
31x31, 34
31x31, 35
31x31, 36
31x31, 37
31x31, 38
31x31, 39
31x31, 40
31x31, 41
31x31, 42
31x31, 43
31x31, 44
31x31, 45
31x31, 46
31x31, 47
31x31, 48
31x31, 49
31x31, 50
31x31, 51
31x31, 52
31x31, 53
31x31, 54
31x31, 55
31x31, 56
31x31, 57
31x31, 58
31x31, 59
31x31, 60
31x31, 61
31x31, 62
31x31, 63
31x31, 64
31x31, 65
31x31, 66
31x31, 67
31x31, 68
31x31, 69
31x31, 70
33x33, 1
33x33, 2
33x33, 3
33x33, 4
33x33, 5
33x33, 6
33x33, 7
33x33, 8
33x33, 9
33x33, 10
33x33, 11
33x33, 12
33x33, 13
33x33, 14
33x33, 15
33x33, 16
33x33, 17
33x33, 18
33x33, 19
33x33, 20
33x33, 21
33x33, 22
33x33, 23
33x33, 24
33x33, 25
33x33, 26
33x33, 27
33x33, 28
33x33, 29
33x33, 30
33x33, 31
33x33, 32
33x33, 33
33x33, 34
33x33, 35
33x33, 36
33x33, 37
33x33, 38
33x33, 39
33x33, 40
33x33, 41
33x33, 42
33x33, 43
33x33, 44
33x33, 45
33x33, 46
33x33, 47
33x33, 48
33x33, 49
33x33, 50
33x33, 51
33x33, 52
33x33, 53
33x33, 54
33x33, 55
33x33, 56
33x33, 57
33x33, 58
33x33, 59
33x33, 60
33x33, 61
33x33, 62
33x33, 63
33x33, 64
33x33, 65
33x33, 66
33x33, 67
33x33, 68
33x33, 69
33x33, 70
35x35, 1
35x35, 2
35x35, 3
35x35, 4
35x35, 5
35x35, 6
35x35, 7
35x35, 8
35x35, 9
35x35, 10
35x35, 11
35x35, 12
35x35, 13
35x35, 14
35x35, 15
35x35, 16
35x35, 17
35x35, 18
35x35, 19
35x35, 20
35x35, 21
35x35, 22
35x35, 23
35x35, 24
35x35, 25
35x35, 26
35x35, 27
35x35, 28
35x35, 29
35x35, 30
35x35, 31
35x35, 32
35x35, 33
35x35, 34
35x35, 35
35x35, 36
35x35, 37
35x35, 38
35x35, 39
35x35, 40
35x35, 41
35x35, 42
35x35, 43
35x35, 44
35x35, 45
35x35, 46
35x35, 47
35x35, 48
35x35, 49
35x35, 50
35x35, 51
35x35, 52
35x35, 53
35x35, 54
35x35, 55
35x35, 56
35x35, 57
35x35, 58
35x35, 59
35x35, 60
35x35, 61
35x35, 62
35x35, 63
35x35, 64
35x35, 65
35x35, 66
35x35, 67
35x35, 68
35x35, 69
35x35, 70
37x37, 1
37x37, 2
37x37, 3
37x37, 4
37x37, 5
37x37, 6
37x37, 7
37x37, 8
37x37, 9
37x37, 10
37x37, 11
37x37, 12
37x37, 13
37x37, 14
37x37, 15
37x37, 16
37x37, 17
37x37, 18
37x37, 19
37x37, 20
37x37, 21
37x37, 22
37x37, 23
37x37, 24
37x37, 25
37x37, 26
37x37, 27
37x37, 28
37x37, 29
37x37, 30
37x37, 31
37x37, 32
37x37, 33
37x37, 34
37x37, 35
37x37, 36
37x37, 37
37x37, 38
37x37, 39
37x37, 40
37x37, 41
37x37, 42
37x37, 43
37x37, 44
37x37, 45
37x37, 46
37x37, 47
37x37, 48
37x37, 49
37x37, 50
37x37, 51
37x37, 52
37x37, 53
37x37, 54
37x37, 55
37x37, 56
37x37, 57
37x37, 58
37x37, 59
37x37, 60
37x37, 61
37x37, 62
37x37, 63
37x37, 64
37x37, 65
37x37, 66
37x37, 67
37x37, 68
37x37, 69
37x37, 70
39x39, 1
39x39, 2
39x39, 3
39x39, 4
39x39, 5
39x39, 6
39x39, 7
39x39, 8
39x39, 9
39x39, 10
39x39, 11
39x39, 12
39x39, 13
39x39, 14
39x39, 15
39x39, 16
39x39, 17
39x39, 18
39x39, 19
39x39, 20
39x39, 21
39x39, 22
39x39, 23
39x39, 24
39x39, 25
39x39, 26
39x39, 27
39x39, 28
39x39, 29
39x39, 30
39x39, 31
39x39, 32
39x39, 33
39x39, 34
39x39, 35
39x39, 36
39x39, 37
39x39, 38
39x39, 39
39x39, 40
39x39, 41
39x39, 42
39x39, 43
39x39, 44
39x39, 45
39x39, 46
39x39, 47
39x39, 48
39x39, 49
39x39, 50
39x39, 51
39x39, 52
39x39, 53
39x39, 54
39x39, 55
39x39, 56
39x39, 57
39x39, 58
39x39, 59
39x39, 60
39x39, 61
39x39, 62
39x39, 63
39x39, 64
39x39, 65
39x39, 66
39x39, 67
39x39, 68
39x39, 69
39x39, 70
41x41, 1
41x41, 2
41x41, 3
41x41, 4
41x41, 5
41x41, 6
41x41, 7
41x41, 8
41x41, 9
41x41, 10
41x41, 11
41x41, 12
41x41, 13
41x41, 14
41x41, 15
41x41, 16
41x41, 17
41x41, 18
41x41, 19
41x41, 20
41x41, 21
41x41, 22
41x41, 23
41x41, 24
41x41, 25
41x41, 26
41x41, 27
41x41, 28
41x41, 29
41x41, 30
41x41, 31
41x41, 32
41x41, 33
41x41, 34
41x41, 35
41x41, 36
41x41, 37
41x41, 38
41x41, 39
41x41, 40
41x41, 41
41x41, 42
41x41, 43
41x41, 44
41x41, 45
41x41, 46
41x41, 47
41x41, 48
41x41, 49
41x41, 50
41x41, 51
41x41, 52
41x41, 53
41x41, 54
41x41, 55
41x41, 56
41x41, 57
41x41, 58
41x41, 59
41x41, 60
41x41, 61
41x41, 62
41x41, 63
41x41, 64
41x41, 65
41x41, 66
41x41, 67
41x41, 68
41x41, 69
41x41, 70
43x43, 1
43x43, 2
43x43, 3
43x43, 4
43x43, 5
43x43, 6
43x43, 7
43x43, 8
43x43, 9
43x43, 10
43x43, 11
43x43, 12
43x43, 13
43x43, 14
43x43, 15
43x43, 16
43x43, 17
43x43, 18
43x43, 19
43x43, 20
43x43, 21
43x43, 22
43x43, 23
43x43, 24
43x43, 25
43x43, 26
43x43, 27
43x43, 28
43x43, 29
43x43, 30
43x43, 31
43x43, 32
43x43, 33
43x43, 34
43x43, 35
43x43, 36
43x43, 37
43x43, 38
43x43, 39
43x43, 40
43x43, 41
43x43, 42
43x43, 43
43x43, 44
43x43, 45
43x43, 46
43x43, 47
43x43, 48
43x43, 49
43x43, 50
43x43, 51
43x43, 52
43x43, 53
43x43, 54
43x43, 55
43x43, 56
43x43, 57
43x43, 58
43x43, 59
43x43, 60
43x43, 61
43x43, 62
43x43, 63
43x43, 64
43x43, 65
43x43, 66
43x43, 67
43x43, 68
43x43, 69
43x43, 70
45x45, 1
45x45, 2
45x45, 3
45x45, 4
45x45, 5
45x45, 6
45x45, 7
45x45, 8
45x45, 9
45x45, 10
45x45, 11
45x45, 12
45x45, 13
45x45, 14
45x45, 15
45x45, 16
45x45, 17
45x45, 18
45x45, 19
45x45, 20
45x45, 21
45x45, 22
45x45, 23
45x45, 24
45x45, 25
45x45, 26
45x45, 27
45x45, 28
45x45, 29
45x45, 30
45x45, 31
45x45, 32
45x45, 33
45x45, 34
45x45, 35
45x45, 36
45x45, 37
45x45, 38
45x45, 39
45x45, 40
45x45, 41
45x45, 42
45x45, 43
45x45, 44
45x45, 45
45x45, 46
45x45, 47
45x45, 48
45x45, 49
45x45, 50
45x45, 51
45x45, 52
45x45, 53
45x45, 54
45x45, 55
45x45, 56
45x45, 57
45x45, 58
45x45, 59
45x45, 60
45x45, 61
45x45, 62
45x45, 63
45x45, 64
45x45, 65
45x45, 66
45x45, 67
45x45, 68
45x45, 69
45x45, 70
47x47, 1
47x47, 2
47x47, 3
47x47, 4
47x47, 5
47x47, 6
47x47, 7
47x47, 8
47x47, 9
47x47, 10
47x47, 11
47x47, 12
47x47, 13
47x47, 14
47x47, 15
47x47, 16
47x47, 17
47x47, 18
47x47, 19
47x47, 20
47x47, 21
47x47, 22
47x47, 23
47x47, 24
47x47, 25
47x47, 26
47x47, 27
47x47, 28
47x47, 29
47x47, 30
47x47, 31
47x47, 32
47x47, 33
47x47, 34
47x47, 35
47x47, 36
47x47, 37
47x47, 38
47x47, 39
47x47, 40
47x47, 41
47x47, 42
47x47, 43
47x47, 44
47x47, 45
47x47, 46
47x47, 47
47x47, 48
47x47, 49
47x47, 50
47x47, 51
47x47, 52
47x47, 53
47x47, 54
47x47, 55
47x47, 56
47x47, 57
47x47, 58
47x47, 59
47x47, 60
47x47, 61
47x47, 62
47x47, 63
47x47, 64
47x47, 65
47x47, 66
47x47, 67
47x47, 68
47x47, 69
47x47, 70
49x49, 1
49x49, 2
49x49, 3
49x49, 4
49x49, 5
49x49, 6
49x49, 7
49x49, 8
49x49, 9
49x49, 10
49x49, 11
49x49, 12
49x49, 13
49x49, 14
49x49, 15
49x49, 16
49x49, 17
49x49, 18
49x49, 19
49x49, 20
49x49, 21
49x49, 22
49x49, 23
49x49, 24
49x49, 25
49x49, 26
49x49, 27
49x49, 28
49x49, 29
49x49, 30
49x49, 31
49x49, 32
49x49, 33
49x49, 34
49x49, 35
49x49, 36
49x49, 37
49x49, 38
49x49, 39
49x49, 40
49x49, 41
49x49, 42
49x49, 43
49x49, 44
49x49, 45
49x49, 46
49x49, 47
49x49, 48
49x49, 49
49x49, 50
49x49, 51
49x49, 52
49x49, 53
49x49, 54
49x49, 55
49x49, 56
49x49, 57
49x49, 58
49x49, 59
49x49, 60
49x49, 61
49x49, 62
49x49, 63
49x49, 64
49x49, 65
49x49, 66
49x49, 67
49x49, 68
49x49, 69
49x49, 70
51x51, 1
51x51, 2
51x51, 3
51x51, 4
51x51, 5
51x51, 6
51x51, 7
51x51, 8
51x51, 9
51x51, 10
51x51, 11
51x51, 12
51x51, 13
51x51, 14
51x51, 15
51x51, 16
51x51, 17
51x51, 18
51x51, 19
51x51, 20
51x51, 21
51x51, 22
51x51, 23
51x51, 24
51x51, 25
51x51, 26
51x51, 27
51x51, 28
51x51, 29
51x51, 30
51x51, 31
51x51, 32
51x51, 33
51x51, 34
51x51, 35
51x51, 36
51x51, 37
51x51, 38
51x51, 39
51x51, 40
51x51, 41
51x51, 42
51x51, 43
51x51, 44
51x51, 45
51x51, 46
51x51, 47
51x51, 48
51x51, 49
51x51, 50
51x51, 51
51x51, 52
51x51, 53
51x51, 54
51x51, 55
51x51, 56
51x51, 57
51x51, 58
51x51, 59
51x51, 60
51x51, 61
51x51, 62
51x51, 63
51x51, 64
51x51, 65
51x51, 66
51x51, 67
51x51, 68
51x51, 69
51x51, 70
53x53, 1
53x53, 2
53x53, 3
53x53, 4
53x53, 5
53x53, 6
53x53, 7
53x53, 8
53x53, 9
53x53, 10
53x53, 11
53x53, 12
53x53, 13
53x53, 14
53x53, 15
53x53, 16
53x53, 17
53x53, 18
53x53, 19
53x53, 20
53x53, 21
53x53, 22
53x53, 23
53x53, 24
53x53, 25
53x53, 26
53x53, 27
53x53, 28
53x53, 29
53x53, 30
53x53, 31
53x53, 32
53x53, 33
53x53, 34
53x53, 35
53x53, 36
53x53, 37
53x53, 38
53x53, 39
53x53, 40
53x53, 41
53x53, 42
53x53, 43
53x53, 44
53x53, 45
53x53, 46
53x53, 47
53x53, 48
53x53, 49
53x53, 50
53x53, 51
53x53, 52
53x53, 53
53x53, 54
53x53, 55
53x53, 56
53x53, 57
53x53, 58
53x53, 59
53x53, 60
53x53, 61
53x53, 62
53x53, 63
53x53, 64
53x53, 65
53x53, 66
53x53, 67
53x53, 68
53x53, 69
53x53, 70
55x55, 1
55x55, 2
55x55, 3
55x55, 4
55x55, 5
55x55, 6
55x55, 7
55x55, 8
55x55, 9
55x55, 10
55x55, 11
55x55, 12
55x55, 13
55x55, 14
55x55, 15
55x55, 16
55x55, 17
55x55, 18
55x55, 19
55x55, 20
55x55, 21
55x55, 22
55x55, 23
55x55, 24
55x55, 25
55x55, 26
55x55, 27
55x55, 28
55x55, 29
55x55, 30
55x55, 31
55x55, 32
55x55, 33
55x55, 34
55x55, 35
55x55, 36
55x55, 37
55x55, 38
55x55, 39
55x55, 40
55x55, 41
55x55, 42
55x55, 43
55x55, 44
55x55, 45
55x55, 46
55x55, 47
55x55, 48
55x55, 49
55x55, 50
55x55, 51
55x55, 52
55x55, 53
55x55, 54
55x55, 55
55x55, 56
55x55, 57
55x55, 58
55x55, 59
55x55, 60
55x55, 61
55x55, 62
55x55, 63
55x55, 64
55x55, 65
55x55, 66
55x55, 67
55x55, 68
55x55, 69
55x55, 70
57x57, 1
57x57, 2
57x57, 3
57x57, 4
57x57, 5
57x57, 6
57x57, 7
57x57, 8
57x57, 9
57x57, 10
57x57, 11
57x57, 12
57x57, 13
57x57, 14
57x57, 15
57x57, 16
57x57, 17
57x57, 18
57x57, 19
57x57, 20
57x57, 21
57x57, 22
57x57, 23
57x57, 24
57x57, 25
57x57, 26
57x57, 27
57x57, 28
57x57, 29
57x57, 30
57x57, 31
57x57, 32
57x57, 33
57x57, 34
57x57, 35
57x57, 36
57x57, 37
57x57, 38
57x57, 39
57x57, 40
57x57, 41
57x57, 42
57x57, 43
57x57, 44
57x57, 45
57x57, 46
57x57, 47
57x57, 48
57x57, 49
57x57, 50
57x57, 51
57x57, 52
57x57, 53
57x57, 54
57x57, 55
57x57, 56
57x57, 57
57x57, 58
57x57, 59
57x57, 60
57x57, 61
57x57, 62
57x57, 63
57x57, 64
57x57, 65
57x57, 66
57x57, 67
57x57, 68
57x57, 69
57x57, 70
59x59, 1
59x59, 2
59x59, 3
59x59, 4
59x59, 5
59x59, 6
59x59, 7
59x59, 8
59x59, 9
59x59, 10
59x59, 11
59x59, 12
59x59, 13
59x59, 14
59x59, 15
59x59, 16
59x59, 17
59x59, 18
59x59, 19
59x59, 20
59x59, 21
59x59, 22
59x59, 23
59x59, 24
59x59, 25
59x59, 26
59x59, 27
59x59, 28
59x59, 29
59x59, 30
59x59, 31
59x59, 32
59x59, 33
59x59, 34
59x59, 35
59x59, 36
59x59, 37
59x59, 38
59x59, 39
59x59, 40
59x59, 41
59x59, 42
59x59, 43
59x59, 44
59x59, 45
59x59, 46
59x59, 47
59x59, 48
59x59, 49
59x59, 50
59x59, 51
59x59, 52
59x59, 53
59x59, 54
59x59, 55
59x59, 56
59x59, 57
59x59, 58
59x59, 59
59x59, 60
59x59, 61
59x59, 62
59x59, 63
59x59, 64
59x59, 65
59x59, 66
59x59, 67
59x59, 68
59x59, 69
59x59, 70
61x61, 1
61x61, 2
61x61, 3
61x61, 4
61x61, 5
61x61, 6
61x61, 7
61x61, 8
61x61, 9
61x61, 10
61x61, 11
61x61, 12
61x61, 13
61x61, 14
61x61, 15
61x61, 16
61x61, 17
61x61, 18
61x61, 19
61x61, 20
61x61, 21
61x61, 22
61x61, 23
61x61, 24
61x61, 25
61x61, 26
61x61, 27
61x61, 28
61x61, 29
61x61, 30
61x61, 31
61x61, 32
61x61, 33
61x61, 34
61x61, 35
61x61, 36
61x61, 37
61x61, 38
61x61, 39
61x61, 40
61x61, 41
61x61, 42
61x61, 43
61x61, 44
61x61, 45
61x61, 46
61x61, 47
61x61, 48
61x61, 49
61x61, 50
61x61, 51
61x61, 52
61x61, 53
61x61, 54
61x61, 55
61x61, 56
61x61, 57
61x61, 58
61x61, 59
61x61, 60
61x61, 61
61x61, 62
61x61, 63
61x61, 64
61x61, 65
61x61, 66
61x61, 67
61x61, 68
61x61, 69
61x61, 70
63x63, 1
63x63, 2
63x63, 3
63x63, 4
63x63, 5
63x63, 6
63x63, 7
63x63, 8
63x63, 9
63x63, 10
63x63, 11
63x63, 12
