83x83, 1
83x83, 2
83x83, 3
83x83, 4
83x83, 5
83x83, 6
83x83, 7
83x83, 8
83x83, 9
83x83, 10
83x83, 11
83x83, 12
83x83, 13
83x83, 14
83x83, 15
83x83, 16
83x83, 17
83x83, 18
83x83, 19
83x83, 20
83x83, 21
83x83, 22
83x83, 23
83x83, 24
83x83, 25
83x83, 26
83x83, 27
83x83, 28
83x83, 29
83x83, 30
83x83, 31
83x83, 32
83x83, 33
83x83, 34
83x83, 35
83x83, 36
83x83, 37
83x83, 38
83x83, 39
83x83, 40
83x83, 41
83x83, 42
83x83, 43
83x83, 44
83x83, 45
83x83, 46
83x83, 47
83x83, 48
83x83, 49
83x83, 50
83x83, 51
83x83, 52
83x83, 53
83x83, 54
83x83, 55
83x83, 56
83x83, 57
83x83, 58
83x83, 59
83x83, 60
83x83, 61
83x83, 62
83x83, 63
83x83, 64
83x83, 65
83x83, 66
83x83, 67
83x83, 68
83x83, 69
83x83, 70
85x85, 1
85x85, 2
85x85, 3
85x85, 4
85x85, 5
85x85, 6
85x85, 7
85x85, 8
85x85, 9
85x85, 10
85x85, 11
85x85, 12
85x85, 13
85x85, 14
85x85, 15
85x85, 16
85x85, 17
85x85, 18
85x85, 19
85x85, 20
85x85, 21
85x85, 22
85x85, 23
85x85, 24
85x85, 25
85x85, 26
85x85, 27
85x85, 28
85x85, 29
85x85, 30
85x85, 31
85x85, 32
85x85, 33
85x85, 34
85x85, 35
85x85, 36
85x85, 37
85x85, 38
85x85, 39
85x85, 40
85x85, 41
85x85, 42
85x85, 43
85x85, 44
85x85, 45
85x85, 46
85x85, 47
85x85, 48
85x85, 49
85x85, 50
85x85, 51
85x85, 52
85x85, 53
85x85, 54
85x85, 55
85x85, 56
85x85, 57
85x85, 58
85x85, 59
85x85, 60
85x85, 61
85x85, 62
85x85, 63
85x85, 64
85x85, 65
85x85, 66
85x85, 67
85x85, 68
85x85, 69
85x85, 70
87x87, 1
87x87, 2
87x87, 3
87x87, 4
87x87, 5
87x87, 6
87x87, 7
87x87, 8
87x87, 9
87x87, 10
87x87, 11
87x87, 12
87x87, 13
87x87, 14
87x87, 15
87x87, 16
87x87, 17
87x87, 18
87x87, 19
87x87, 20
87x87, 21
87x87, 22
87x87, 23
87x87, 24
87x87, 25
87x87, 26
87x87, 27
87x87, 28
87x87, 29
87x87, 30
87x87, 31
87x87, 32
87x87, 33
87x87, 34
87x87, 35
87x87, 36
87x87, 37
87x87, 38
87x87, 39
87x87, 40
87x87, 41
87x87, 42
87x87, 43
87x87, 44
87x87, 45
87x87, 46
87x87, 47
87x87, 48
87x87, 49
87x87, 50
87x87, 51
87x87, 52
87x87, 53
87x87, 54
87x87, 55
87x87, 56
87x87, 57
87x87, 58
87x87, 59
87x87, 60
87x87, 61
87x87, 62
87x87, 63
87x87, 64
87x87, 65
87x87, 66
87x87, 67
87x87, 68
87x87, 69
87x87, 70
89x89, 1
89x89, 2
89x89, 3
89x89, 4
89x89, 5
89x89, 6
89x89, 7
89x89, 8
89x89, 9
89x89, 10
89x89, 11
89x89, 12
89x89, 13
89x89, 14
89x89, 15
89x89, 16
89x89, 17
89x89, 18
89x89, 19
89x89, 20
89x89, 21
89x89, 22
89x89, 23
89x89, 24
89x89, 25
89x89, 26
89x89, 27
89x89, 28
89x89, 29
89x89, 30
89x89, 31
89x89, 32
89x89, 33
89x89, 34
89x89, 35
89x89, 36
89x89, 37
89x89, 38
89x89, 39
89x89, 40
89x89, 41
89x89, 42
89x89, 43
89x89, 44
89x89, 45
89x89, 46
89x89, 47
89x89, 48
89x89, 49
89x89, 50
89x89, 51
89x89, 52
89x89, 53
89x89, 54
89x89, 55
89x89, 56
89x89, 57
89x89, 58
89x89, 59
89x89, 60
89x89, 61
89x89, 62
89x89, 63
89x89, 64
89x89, 65
89x89, 66
89x89, 67
89x89, 68
89x89, 69
89x89, 70
91x91, 1
91x91, 2
91x91, 3
91x91, 4
91x91, 5
91x91, 6
91x91, 7
91x91, 8
91x91, 9
91x91, 10
91x91, 11
91x91, 12
91x91, 13
91x91, 14
91x91, 15
91x91, 16
91x91, 17
91x91, 18
91x91, 19
91x91, 20
91x91, 21
91x91, 22
91x91, 23
91x91, 24
91x91, 25
91x91, 26
91x91, 27
91x91, 28
91x91, 29
91x91, 30
91x91, 31
91x91, 32
91x91, 33
91x91, 34
91x91, 35
91x91, 36
91x91, 37
91x91, 38
91x91, 39
91x91, 40
91x91, 41
91x91, 42
91x91, 43
91x91, 44
91x91, 45
91x91, 46
91x91, 47
91x91, 48
91x91, 49
91x91, 50
91x91, 51
91x91, 52
91x91, 53
91x91, 54
91x91, 55
91x91, 56
91x91, 57
91x91, 58
91x91, 59
91x91, 60
91x91, 61
91x91, 62
91x91, 63
91x91, 64
91x91, 65
91x91, 66
91x91, 67
91x91, 68
91x91, 69
91x91, 70
93x93, 1
93x93, 2
93x93, 3
93x93, 4
93x93, 5
93x93, 6
93x93, 7
93x93, 8
93x93, 9
93x93, 10
93x93, 11
93x93, 12
93x93, 13
93x93, 14
93x93, 15
93x93, 16
93x93, 17
93x93, 18
93x93, 19
93x93, 20
93x93, 21
93x93, 22
93x93, 23
93x93, 24
93x93, 25
93x93, 26
93x93, 27
93x93, 28
93x93, 29
93x93, 30
93x93, 31
93x93, 32
93x93, 33
93x93, 34
93x93, 35
93x93, 36
93x93, 37
93x93, 38
93x93, 39
93x93, 40
93x93, 41
93x93, 42
93x93, 43
93x93, 44
93x93, 45
93x93, 46
93x93, 47
93x93, 48
93x93, 49
93x93, 50
93x93, 51
93x93, 52
93x93, 53
93x93, 54
93x93, 55
93x93, 56
93x93, 57
93x93, 58
93x93, 59
93x93, 60
93x93, 61
93x93, 62
93x93, 63
93x93, 64
93x93, 65
93x93, 66
93x93, 67
93x93, 68
93x93, 69
93x93, 70
95x95, 1
95x95, 2
95x95, 3
95x95, 4
95x95, 5
95x95, 6
95x95, 7
95x95, 8
95x95, 9
95x95, 10
95x95, 11
95x95, 12
95x95, 13
95x95, 14
95x95, 15
95x95, 16
95x95, 17
95x95, 18
95x95, 19
95x95, 20
95x95, 21
95x95, 22
95x95, 23
95x95, 24
95x95, 25
95x95, 26
95x95, 27
95x95, 28
95x95, 29
95x95, 30
95x95, 31
95x95, 32
95x95, 33
95x95, 34
95x95, 35
95x95, 36
95x95, 37
95x95, 38
95x95, 39
95x95, 40
95x95, 41
95x95, 42
95x95, 43
95x95, 44
95x95, 45
95x95, 46
95x95, 47
95x95, 48
95x95, 49
95x95, 50
95x95, 51
95x95, 52
95x95, 53
95x95, 54
95x95, 55
95x95, 56
95x95, 57
95x95, 58
95x95, 59
95x95, 60
95x95, 61
95x95, 62
95x95, 63
95x95, 64
95x95, 65
95x95, 66
95x95, 67
95x95, 68
95x95, 69
95x95, 70
97x97, 1
97x97, 2
97x97, 3
97x97, 4
97x97, 5
97x97, 6
97x97, 7
97x97, 8
97x97, 9
97x97, 10
97x97, 11
97x97, 12
97x97, 13
97x97, 14
97x97, 15
97x97, 16
97x97, 17
97x97, 18
97x97, 19
97x97, 20
97x97, 21
97x97, 22
97x97, 23
97x97, 24
97x97, 25
97x97, 26
97x97, 27
97x97, 28
97x97, 29
97x97, 30
97x97, 31
97x97, 32
97x97, 33
97x97, 34
97x97, 35
97x97, 36
97x97, 37
97x97, 38
97x97, 39
97x97, 40
97x97, 41
97x97, 42
97x97, 43
97x97, 44
97x97, 45
97x97, 46
97x97, 47
97x97, 48
97x97, 49
97x97, 50
97x97, 51
97x97, 52
97x97, 53
97x97, 54
97x97, 55
97x97, 56
97x97, 57
97x97, 58
97x97, 59
97x97, 60
97x97, 61
97x97, 62
97x97, 63
97x97, 64
97x97, 65
97x97, 66
97x97, 67
97x97, 68
97x97, 69
97x97, 70
99x99, 1
99x99, 2
99x99, 3
99x99, 4
99x99, 5
99x99, 6
99x99, 7
99x99, 8
99x99, 9
99x99, 10
99x99, 11
99x99, 12
99x99, 13
99x99, 14
99x99, 15
99x99, 16
99x99, 17
99x99, 18
99x99, 19
99x99, 20
99x99, 21
99x99, 22
99x99, 23
99x99, 24
99x99, 25
99x99, 26
99x99, 27
99x99, 28
99x99, 29
99x99, 30
99x99, 31
99x99, 32
99x99, 33
99x99, 34
99x99, 35
99x99, 36
99x99, 37
99x99, 38
99x99, 39
99x99, 40
99x99, 41
99x99, 42
99x99, 43
99x99, 44
99x99, 45
99x99, 46
99x99, 47
99x99, 48
99x99, 49
99x99, 50
99x99, 51
99x99, 52
99x99, 53
99x99, 54
99x99, 55
99x99, 56
99x99, 57
99x99, 58
99x99, 59
99x99, 60
99x99, 61
99x99, 62
99x99, 63
99x99, 64
99x99, 65
99x99, 66
99x99, 67
99x99, 68
99x99, 69
99x99, 70
101x101, 1
101x101, 2
101x101, 3
101x101, 4
101x101, 5
101x101, 6
101x101, 7
101x101, 8
101x101, 9
101x101, 10
101x101, 11
101x101, 12
101x101, 13
101x101, 14
101x101, 15
101x101, 16
101x101, 17
101x101, 18
101x101, 19
101x101, 20
101x101, 21
101x101, 22
101x101, 23
101x101, 24
101x101, 25
101x101, 26
101x101, 27
101x101, 28
101x101, 29
101x101, 30
101x101, 31
101x101, 32
101x101, 33
101x101, 34
101x101, 35
101x101, 36
101x101, 37
101x101, 38
101x101, 39
101x101, 40
101x101, 41
101x101, 42
101x101, 43
101x101, 44
101x101, 45
101x101, 46
101x101, 47
101x101, 48
101x101, 49
101x101, 50
101x101, 51
101x101, 52
101x101, 53
101x101, 54
101x101, 55
101x101, 56
101x101, 57
101x101, 58
101x101, 59
101x101, 60
101x101, 61
101x101, 62
101x101, 63
101x101, 64
101x101, 65
101x101, 66
101x101, 67
101x101, 68
101x101, 69
101x101, 70
103x103, 1
103x103, 2
103x103, 3
103x103, 4
103x103, 5
103x103, 6
103x103, 7
103x103, 8
103x103, 9
103x103, 10
103x103, 11
103x103, 12
103x103, 13
103x103, 14
103x103, 15
103x103, 16
103x103, 17
103x103, 18
103x103, 19
103x103, 20
103x103, 21
103x103, 22
103x103, 23
103x103, 24
103x103, 25
103x103, 26
103x103, 27
103x103, 28
103x103, 29
103x103, 30
103x103, 31
103x103, 32
103x103, 33
103x103, 34
103x103, 35
103x103, 36
103x103, 37
103x103, 38
103x103, 39
103x103, 40
103x103, 41
103x103, 42
103x103, 43
103x103, 44
103x103, 45
103x103, 46
103x103, 47
103x103, 48
103x103, 49
103x103, 50
103x103, 51
103x103, 52
103x103, 53
103x103, 54
103x103, 55
103x103, 56
103x103, 57
103x103, 58
103x103, 59
103x103, 60
103x103, 61
103x103, 62
103x103, 63
103x103, 64
103x103, 65
103x103, 66
103x103, 67
103x103, 68
103x103, 69
103x103, 70
105x105, 1
105x105, 2
105x105, 3
105x105, 4
105x105, 5
105x105, 6
105x105, 7
105x105, 8
105x105, 9
105x105, 10
105x105, 11
105x105, 12
105x105, 13
105x105, 14
105x105, 15
105x105, 16
105x105, 17
105x105, 18
105x105, 19
105x105, 20
105x105, 21
105x105, 22
105x105, 23
105x105, 24
105x105, 25
105x105, 26
105x105, 27
105x105, 28
105x105, 29
105x105, 30
105x105, 31
105x105, 32
105x105, 33
105x105, 34
105x105, 35
105x105, 36
105x105, 37
105x105, 38
105x105, 39
105x105, 40
105x105, 41
105x105, 42
105x105, 43
105x105, 44
105x105, 45
105x105, 46
105x105, 47
105x105, 48
105x105, 49
105x105, 50
105x105, 51
105x105, 52
105x105, 53
105x105, 54
105x105, 55
105x105, 56
105x105, 57
105x105, 58
105x105, 59
105x105, 60
105x105, 61
105x105, 62
105x105, 63
105x105, 64
105x105, 65
105x105, 66
105x105, 67
105x105, 68
105x105, 69
105x105, 70
107x107, 1
107x107, 2
107x107, 3
107x107, 4
107x107, 5
107x107, 6
107x107, 7
107x107, 8
107x107, 9
107x107, 10
107x107, 11
107x107, 12
107x107, 13
107x107, 14
107x107, 15
107x107, 16
107x107, 17
107x107, 18
107x107, 19
107x107, 20
107x107, 21
107x107, 22
107x107, 23
107x107, 24
107x107, 25
107x107, 26
107x107, 27
107x107, 28
107x107, 29
107x107, 30
107x107, 31
107x107, 32
107x107, 33
107x107, 34
107x107, 35
107x107, 36
107x107, 37
107x107, 38
107x107, 39
107x107, 40
107x107, 41
107x107, 42
107x107, 43
107x107, 44
107x107, 45
107x107, 46
107x107, 47
107x107, 48
107x107, 49
107x107, 50
107x107, 51
107x107, 52
107x107, 53
107x107, 54
107x107, 55
107x107, 56
107x107, 57
107x107, 58
107x107, 59
107x107, 60
107x107, 61
107x107, 62
107x107, 63
107x107, 64
107x107, 65
107x107, 66
107x107, 67
107x107, 68
107x107, 69
107x107, 70
109x109, 1
109x109, 2
109x109, 3
109x109, 4
109x109, 5
109x109, 6
109x109, 7
109x109, 8
109x109, 9
109x109, 10
109x109, 11
109x109, 12
109x109, 13
109x109, 14
109x109, 15
109x109, 16
109x109, 17
109x109, 18
109x109, 19
109x109, 20
109x109, 21
109x109, 22
109x109, 23
109x109, 24
109x109, 25
109x109, 26
109x109, 27
109x109, 28
109x109, 29
109x109, 30
109x109, 31
109x109, 32
109x109, 33
109x109, 34
109x109, 35
109x109, 36
109x109, 37
109x109, 38
109x109, 39
109x109, 40
109x109, 41
109x109, 42
109x109, 43
109x109, 44
109x109, 45
109x109, 46
109x109, 47
109x109, 48
109x109, 49
109x109, 50
109x109, 51
109x109, 52
109x109, 53
109x109, 54
109x109, 55
109x109, 56
109x109, 57
109x109, 58
109x109, 59
109x109, 60
109x109, 61
109x109, 62
109x109, 63
109x109, 64
109x109, 65
109x109, 66
109x109, 67
109x109, 68
109x109, 69
109x109, 70
111x111, 1
111x111, 2
111x111, 3
111x111, 4
111x111, 5
111x111, 6
111x111, 7
111x111, 8
111x111, 9
111x111, 10
111x111, 11
111x111, 12
111x111, 13
111x111, 14
111x111, 15
111x111, 16
111x111, 17
111x111, 18
111x111, 19
111x111, 20
111x111, 21
111x111, 22
111x111, 23
111x111, 24
111x111, 25
111x111, 26
111x111, 27
111x111, 28
111x111, 29
111x111, 30
111x111, 31
111x111, 32
111x111, 33
111x111, 34
111x111, 35
111x111, 36
111x111, 37
111x111, 38
111x111, 39
111x111, 40
111x111, 41
111x111, 42
111x111, 43
111x111, 44
111x111, 45
111x111, 46
111x111, 47
111x111, 48
111x111, 49
111x111, 50
111x111, 51
111x111, 52
111x111, 53
111x111, 54
111x111, 55
111x111, 56
111x111, 57
111x111, 58
111x111, 59
111x111, 60
111x111, 61
111x111, 62
111x111, 63
111x111, 64
111x111, 65
111x111, 66
111x111, 67
111x111, 68
111x111, 69
111x111, 70
113x113, 1
113x113, 2
113x113, 3
113x113, 4
113x113, 5
113x113, 6
113x113, 7
113x113, 8
113x113, 9
113x113, 10
113x113, 11
113x113, 12
113x113, 13
113x113, 14
113x113, 15
113x113, 16
113x113, 17
113x113, 18
113x113, 19
113x113, 20
113x113, 21
113x113, 22
113x113, 23
113x113, 24
113x113, 25
113x113, 26
113x113, 27
113x113, 28
113x113, 29
113x113, 30
113x113, 31
113x113, 32
113x113, 33
113x113, 34
113x113, 35
113x113, 36
113x113, 37
113x113, 38
113x113, 39
113x113, 40
113x113, 41
113x113, 42
113x113, 43
113x113, 44
113x113, 45
113x113, 46
113x113, 47
113x113, 48
113x113, 49
113x113, 50
113x113, 51
113x113, 52
113x113, 53
113x113, 54
113x113, 55
113x113, 56
113x113, 57
113x113, 58
113x113, 59
113x113, 60
113x113, 61
113x113, 62
113x113, 63
113x113, 64
113x113, 65
113x113, 66
113x113, 67
113x113, 68
113x113, 69
113x113, 70
115x115, 1
115x115, 2
115x115, 3
115x115, 4
115x115, 5
115x115, 6
115x115, 7
115x115, 8
115x115, 9
115x115, 10
115x115, 11
115x115, 12
115x115, 13
115x115, 14
115x115, 15
115x115, 16
115x115, 17
115x115, 18
115x115, 19
115x115, 20
115x115, 21
115x115, 22
115x115, 23
115x115, 24
115x115, 25
115x115, 26
115x115, 27
115x115, 28
115x115, 29
115x115, 30
115x115, 31
115x115, 32
115x115, 33
115x115, 34
115x115, 35
115x115, 36
115x115, 37
115x115, 38
115x115, 39
115x115, 40
115x115, 41
115x115, 42
115x115, 43
115x115, 44
115x115, 45
115x115, 46
115x115, 47
115x115, 48
115x115, 49
115x115, 50
115x115, 51
115x115, 52
115x115, 53
115x115, 54
115x115, 55
115x115, 56
115x115, 57
115x115, 58
115x115, 59
115x115, 60
115x115, 61
115x115, 62
115x115, 63
115x115, 64
115x115, 65
115x115, 66
115x115, 67
115x115, 68
115x115, 69
115x115, 70
117x117, 1
117x117, 2
117x117, 3
117x117, 4
117x117, 5
117x117, 6
117x117, 7
117x117, 8
117x117, 9
117x117, 10
117x117, 11
117x117, 12
117x117, 13
117x117, 14
117x117, 15
117x117, 16
117x117, 17
117x117, 18
117x117, 19
117x117, 20
117x117, 21
117x117, 22
117x117, 23
117x117, 24
117x117, 25
117x117, 26
117x117, 27
117x117, 28
117x117, 29
117x117, 30
117x117, 31
117x117, 32
117x117, 33
117x117, 34
117x117, 35
117x117, 36
117x117, 37
117x117, 38
117x117, 39
117x117, 40
117x117, 41
117x117, 42
117x117, 43
117x117, 44
117x117, 45
117x117, 46
117x117, 47
117x117, 48
117x117, 49
117x117, 50
117x117, 51
117x117, 52
117x117, 53
117x117, 54
117x117, 55
117x117, 56
117x117, 57
117x117, 58
117x117, 59
117x117, 60
117x117, 61
117x117, 62
117x117, 63
117x117, 64
117x117, 65
117x117, 66
117x117, 67
117x117, 68
117x117, 69
117x117, 70
119x119, 1
119x119, 2
119x119, 3
119x119, 4
119x119, 5
119x119, 6
119x119, 7
119x119, 8
119x119, 9
119x119, 10
119x119, 11
119x119, 12
119x119, 13
119x119, 14
119x119, 15
119x119, 16
119x119, 17
119x119, 18
119x119, 19
119x119, 20
119x119, 21
119x119, 22
119x119, 23
119x119, 24
119x119, 25
119x119, 26
119x119, 27
119x119, 28
119x119, 29
119x119, 30
119x119, 31
119x119, 32
119x119, 33
119x119, 34
119x119, 35
119x119, 36
119x119, 37
119x119, 38
119x119, 39
119x119, 40
119x119, 41
119x119, 42
119x119, 43
119x119, 44
119x119, 45
119x119, 46
119x119, 47
119x119, 48
119x119, 49
119x119, 50
119x119, 51
119x119, 52
119x119, 53
119x119, 54
119x119, 55
119x119, 56
119x119, 57
119x119, 58
119x119, 59
119x119, 60
119x119, 61
119x119, 62
119x119, 63
119x119, 64
119x119, 65
119x119, 66
119x119, 67
119x119, 68
119x119, 69
119x119, 70
