1x1, 1
2x2, 1
3x3, 1
4x4, 1
1x1, 1
11x11, 1
21x21, 1
31x31, 1
41x41, 1
51x51, 1
61x61, 1
71x71, 1
81x81, 1
91x91, 1
101x101, 1
111x111, 1
121x121, 1
131x131, 1
141x141, 1
151x151, 1
161x161, 1
171x171, 1
141x141, 1
131x131, 1
133x133, 1
135x135, 1
137x137, 1
139x139, 1
141x141, 1
143x143, 1
145x145, 1
139x139, 1
139x139, 2
139x139, 3
139x139, 4
139x139, 5
139x139, 6
139x139, 7
139x139, 8
139x139, 9
139x139, 10
139x139, 11
139x139, 12
139x139, 13
139x139, 14
139x139, 15
139x139, 16
139x139, 17
139x139, 18
139x139, 19
139x139, 20
139x139, 21
139x139, 22
139x139, 23
139x139, 24
139x139, 25
139x139, 26
139x139, 27
139x139, 28
139x139, 29
139x139, 30
139x139, 31
139x139, 32
139x139, 33
139x139, 34
139x139, 35
139x139, 36
139x139, 37
139x139, 38
139x139, 39
139x139, 40
139x139, 41
139x139, 42
139x139, 43
139x139, 44
139x139, 45
139x139, 46
139x139, 47
139x139, 48
139x139, 49
139x139, 50
139x139, 51
139x139, 52
139x139, 53
139x139, 54
139x139, 55
139x139, 56
139x139, 57
139x139, 58
139x139, 59
139x139, 60
139x139, 61
139x139, 62
139x139, 63
139x139, 64
139x139, 65
139x139, 66
139x139, 67
139x139, 68
139x139, 69
139x139, 70
139x139, 71
139x139, 72
139x139, 73
139x139, 74
139x139, 75
139x139, 76
139x139, 77
139x139, 78
139x139, 79
139x139, 80
139x139, 81
139x139, 82
139x139, 83
139x139, 84
139x139, 85
139x139, 86
139x139, 87
139x139, 88
139x139, 89
139x139, 90
139x139, 91
139x139, 92
139x139, 93
139x139, 94
139x139, 95
139x139, 96
139x139, 97
139x139, 98
139x139, 99
139x139, 100
139x139, 101
139x139, 102
139x139, 103
139x139, 104
139x139, 105
139x139, 106
139x139, 107
139x139, 108
139x139, 109
139x139, 110
139x139, 111
139x139, 112
139x139, 113
139x139, 114
139x139, 115
139x139, 116
139x139, 117
139x139, 118
139x139, 119
139x139, 120
139x139, 121
139x139, 122
139x139, 123
139x139, 124
139x139, 125
139x139, 126
139x139, 127
139x139, 128
139x139, 129
139x139, 130
139x139, 131
139x139, 132
139x139, 133
139x139, 134
139x139, 135
139x139, 136
139x139, 137
139x139, 138
139x139, 139
139x139, 140
139x139, 141
139x139, 142
139x139, 143
139x139, 144
139x139, 145
139x139, 146
139x139, 147
139x139, 148
139x139, 149
139x139, 150
